uaa-post-start - starting at Mon Jul 16 06:18:01 UTC 2018
uaa-post-start - performing post start healthcheck until 2018-07-16 06:28:01.602349460
uaa-post-start - post start health check successful at Mon Jul 16 06:18:39 UTC 2018
uaa-post-start - cleaned up timestamp files
uaa-post-start - starting at Mon Jul 16 07:10:55 UTC 2018
uaa-post-start - performing post start healthcheck until 2018-07-16 07:20:55.773146876
uaa-post-start - post start health check successful at Mon Jul 16 07:12:24 UTC 2018
uaa-post-start - cleaned up timestamp files
uaa-post-start - starting at Tue Jul 17 00:28:05 UTC 2018
uaa-post-start - performing post start healthcheck until 2018-07-17 00:38:05.908421965
uaa-post-start - post start health check successful at Tue Jul 17 00:29:47 UTC 2018
uaa-post-start - cleaned up timestamp files
uaa-post-start - starting at Tue Jul 17 04:33:32 UTC 2018
uaa-post-start - performing post start healthcheck until 2018-07-17 04:43:32.594253336
uaa-post-start - post start health check successful at Tue Jul 17 04:35:25 UTC 2018
uaa-post-start - cleaned up timestamp files
uaa-post-start - starting at Tue Jul 17 05:09:27 UTC 2018
uaa-post-start - performing post start healthcheck until 2018-07-17 05:19:27.679053709
uaa-post-start - post start health check successful at Tue Jul 17 05:10:33 UTC 2018
uaa-post-start - cleaned up timestamp files
uaa-post-start - starting at Wed Jul 18 00:17:18 UTC 2018
uaa-post-start - performing post start healthcheck until 2018-07-18 00:27:18.099949140
uaa-post-start - post start health check successful at Wed Jul 18 00:17:30 UTC 2018
uaa-post-start - cleaned up timestamp files
uaa-post-start - starting at Wed Jul 18 04:55:28 UTC 2018
uaa-post-start - performing post start healthcheck until 2018-07-18 05:05:28.550413404
uaa-post-start - post start health check successful at Wed Jul 18 04:56:34 UTC 2018
uaa-post-start - cleaned up timestamp files
uaa-post-start - starting at Wed Jul 18 06:40:19 UTC 2018
uaa-post-start - performing post start healthcheck until 2018-07-18 06:50:19.854791318
uaa-post-start - post start health check successful at Wed Jul 18 06:40:44 UTC 2018
uaa-post-start - cleaned up timestamp files
uaa-post-start - starting at Wed Jul 18 06:56:26 UTC 2018
uaa-post-start - performing post start healthcheck until 2018-07-18 07:06:26.129702259
uaa-post-start - post start health check successful at Wed Jul 18 06:57:34 UTC 2018
uaa-post-start - cleaned up timestamp files
